{
  "RSpec": {
    "coverage": {
      "/home/davih/CAMAAR/app/app/helpers/application_helper.rb": {
        "lines": [
          1,
          null
        ]
      },
      "/home/davih/CAMAAR/app/app/helpers/dashboard_helper.rb": {
        "lines": [
          1,
          null,
          1,
          11,
          11,
          null,
          null,
          null,
          1,
          3,
          1,
          null,
          2,
          null,
          null,
          null,
          null,
          1,
          3,
          8,
          null,
          null,
          null,
          null,
          1,
          3,
          null,
          1,
          null,
          1,
          null,
          1,
          null,
          null,
          null
        ]
      },
      "/home/davih/CAMAAR/app/app/helpers/formularios_helper.rb": {
        "lines": [
          1,
          null,
          1,
          3,
          null,
          1,
          null,
          1,
          null,
          1,
          null,
          null,
          null,
          null,
          1,
          3,
          null,
          1,
          null,
          1,
          null,
          1,
          null,
          null,
          null,
          null,
          1,
          2,
          null,
          null
        ]
      },
      "/home/davih/CAMAAR/app/app/helpers/sessions_helper.rb": {
        "lines": [
          1,
          null
        ]
      },
      "/home/davih/CAMAAR/app/app/jobs/application_job.rb": {
        "lines": [
          1,
          null,
          null,
          null,
          null,
          null,
          null
        ]
      },
      "/home/davih/CAMAAR/app/app/mailers/user_mailer.rb": {
        "lines": [
          1,
          1,
          3,
          3,
          null,
          3,
          null,
          null
        ]
      },
      "/home/davih/CAMAAR/app/app/mailers/application_mailer.rb": {
        "lines": [
          1,
          1,
          1,
          null
        ]
      },
      "/home/davih/CAMAAR/app/app/models/departamento.rb": {
        "lines": [
          1,
          1,
          null
        ]
      },
      "/home/davih/CAMAAR/app/app/models/application_record.rb": {
        "lines": [
          1,
          1,
          null
        ]
      },
      "/home/davih/CAMAAR/app/app/models/formulario_respondido.rb": {
        "lines": [
          1,
          1,
          1,
          null,
          1,
          null,
          1,
          null
        ]
      },
      "/home/davih/CAMAAR/app/app/models/formulario.rb": {
        "lines": [
          null,
          1,
          1,
          1,
          1,
          1,
          null,
          1,
          1,
          null,
          null
        ]
      },
      "/home/davih/CAMAAR/app/app/models/formulario_turma.rb": {
        "lines": [
          1,
          1,
          1,
          null
        ]
      },
      "/home/davih/CAMAAR/app/app/models/materia.rb": {
        "lines": [
          1,
          1,
          1,
          null
        ]
      },
      "/home/davih/CAMAAR/app/app/models/opcao_formulario.rb": {
        "lines": [
          1,
          1,
          null
        ]
      },
      "/home/davih/CAMAAR/app/app/models/opcao_template.rb": {
        "lines": [
          1,
          null,
          1,
          null,
          null,
          1,
          1,
          null
        ]
      },
      "/home/davih/CAMAAR/app/app/models/questao_formulario.rb": {
        "lines": [
          1,
          1,
          1,
          1,
          null
        ]
      },
      "/home/davih/CAMAAR/app/app/models/questao_respondida.rb": {
        "lines": [
          1,
          1,
          1,
          null,
          1,
          null
        ]
      },
      "/home/davih/CAMAAR/app/app/models/questao_template.rb": {
        "lines": [
          1,
          null,
          1,
          null,
          null,
          1,
          1,
          null,
          null,
          1,
          1,
          null
        ]
      },
      "/home/davih/CAMAAR/app/app/models/template.rb": {
        "lines": [
          1,
          null,
          1,
          null,
          null,
          1,
          null,
          null,
          null,
          1,
          null,
          null,
          1,
          null,
          1,
          1,
          1,
          null,
          null
        ]
      },
      "/home/davih/CAMAAR/app/app/models/turma.rb": {
        "lines": [
          1,
          1,
          null,
          1,
          1,
          null,
          1,
          1,
          null,
          1,
          4,
          2,
          null,
          null
        ]
      },
      "/home/davih/CAMAAR/app/app/models/usuario.rb": {
        "lines": [
          null,
          null,
          1,
          1,
          null,
          1,
          null,
          1,
          1,
          1,
          1,
          null,
          1,
          1,
          null,
          1,
          1,
          null
        ]
      },
      "/home/davih/CAMAAR/app/app/models/concerns/password_resetable.rb": {
        "lines": [
          null,
          null,
          1,
          1,
          null,
          1,
          1,
          1,
          null,
          null,
          1,
          1,
          null,
          null,
          1,
          4,
          3,
          null,
          2,
          null,
          null,
          1,
          null,
          1,
          2,
          2,
          2,
          null,
          null,
          1,
          4,
          null,
          4,
          null,
          null
        ]
      },
      "/home/davih/CAMAAR/app/app/models/usuario_turma.rb": {
        "lines": [
          1,
          1,
          1,
          null
        ]
      },
      "/home/davih/CAMAAR/app/app/services/form_distribution_service.rb": {
        "lines": [
          1,
          1,
          1,
          1,
          null,
          null,
          1,
          1,
          1,
          2,
          null,
          null,
          null,
          null,
          1,
          null,
          1,
          2,
          null,
          null,
          null,
          null,
          2,
          2,
          null,
          null,
          1,
          2,
          2,
          null,
          null,
          null,
          null,
          2,
          null,
          null,
          null,
          1,
          2,
          2,
          null,
          null,
          null,
          null,
          null,
          null,
          null
        ]
      },
      "/home/davih/CAMAAR/app/app/services/form_response_service.rb": {
        "lines": [
          null,
          1,
          1,
          2,
          2,
          2,
          null,
          null,
          1,
          2,
          2,
          2,
          null,
          null,
          null,
          1,
          null,
          1,
          2,
          null,
          null,
          null,
          null,
          null,
          1,
          1,
          2,
          null,
          null,
          null,
          1,
          2,
          2,
          null,
          null,
          null,
          null,
          2,
          2,
          null,
          null,
          1,
          2,
          1,
          null,
          1,
          null,
          null,
          null
        ]
      },
      "/home/davih/CAMAAR/app/app/services/formulario_export_service.rb": {
        "lines": [
          1,
          null,
          1,
          1,
          3,
          3,
          null,
          null,
          1,
          3,
          3,
          null,
          3,
          2,
          null,
          null,
          null,
          null,
          1,
          null,
          1,
          3,
          null,
          null,
          1,
          3,
          null,
          null,
          null,
          1,
          2,
          2,
          null,
          2,
          null,
          2,
          3,
          null,
          null,
          2,
          null,
          null,
          1,
          2,
          null,
          null,
          1,
          3,
          null,
          null
        ]
      },
      "/home/davih/CAMAAR/app/app/services/sigaa_service.rb": {
        "lines": [
          1,
          null,
          1,
          1,
          4,
          4,
          null,
          null,
          1,
          4,
          null,
          4,
          2,
          2,
          null,
          2,
          null,
          null,
          4,
          3,
          3,
          null,
          1,
          null,
          null,
          4,
          null,
          null,
          1,
          null,
          1,
          2,
          2,
          1,
          null,
          1,
          null,
          1,
          1,
          null,
          null,
          1,
          1,
          1,
          null,
          1,
          null,
          null,
          1,
          null,
          null,
          null,
          null,
          1,
          null,
          null,
          1,
          null,
          null,
          1,
          3,
          3,
          3,
          null,
          3,
          3,
          null,
          3,
          3,
          2,
          2,
          null,
          null,
          1,
          null,
          null,
          null,
          null,
          1,
          0,
          0,
          null,
          null,
          null,
          1,
          1,
          1,
          null,
          null,
          null,
          1,
          1,
          1,
          1,
          null,
          null,
          null,
          null,
          0,
          null,
          null,
          1,
          2,
          null,
          2,
          2,
          2,
          2,
          2,
          2,
          null,
          2,
          2,
          2,
          null,
          0,
          null,
          null,
          null
        ]
      },
      "/home/davih/CAMAAR/app/app/controllers/sessions_controller.rb": {
        "lines": [
          null,
          null,
          1,
          1,
          null,
          1,
          29,
          null,
          29,
          27,
          27,
          null,
          2,
          2,
          null,
          null,
          null,
          1,
          1,
          1,
          null,
          null
        ]
      },
      "/home/davih/CAMAAR/app/app/controllers/application_controller.rb": {
        "lines": [
          1,
          1,
          null,
          1,
          107,
          null,
          null,
          1,
          37,
          null,
          null,
          1,
          37,
          3,
          null,
          null,
          null
        ]
      },
      "/home/davih/CAMAAR/app/app/components/form_input_component.rb": {
        "lines": [
          null,
          1,
          null,
          null,
          1,
          32,
          32,
          32,
          32,
          32,
          32,
          null,
          null,
          32,
          null,
          null,
          null,
          null,
          null
        ]
      },
      "/home/davih/CAMAAR/app/app/components/button_component.rb": {
        "lines": [
          1,
          1,
          31,
          31,
          31,
          31,
          null,
          null,
          1,
          31,
          null,
          31,
          null,
          null,
          22,
          null,
          null,
          4,
          null,
          null,
          2,
          null,
          null,
          3,
          null,
          null,
          null
        ]
      },
      "/home/davih/CAMAAR/app/app/components/brand_panel_component.rb": {
        "lines": [
          null,
          1,
          null
        ]
      },
      "/home/davih/CAMAAR/app/app/controllers/dashboard_controller.rb": {
        "lines": [
          1,
          1,
          1,
          null,
          1,
          8,
          null,
          8,
          null,
          null
        ]
      },
      "/home/davih/CAMAAR/app/app/components/dashboard/sidebar_component.rb": {
        "lines": [
          1,
          1,
          1,
          20,
          null,
          null,
          1,
          20,
          null,
          null,
          null
        ]
      },
      "/home/davih/CAMAAR/app/app/components/dashboard/header_component.rb": {
        "lines": [
          1,
          1,
          1,
          20,
          20,
          null,
          null,
          1,
          20,
          null,
          0,
          null,
          null,
          1,
          20,
          5,
          null,
          15,
          null,
          null,
          null,
          null
        ]
      },
      "/home/davih/CAMAAR/app/app/controllers/templates_controller.rb": {
        "lines": [
          null,
          null,
          null,
          1,
          1,
          1,
          null,
          1,
          null,
          1,
          null,
          1,
          4,
          null,
          null,
          1,
          1,
          1,
          null,
          null,
          1,
          2,
          2,
          2,
          null,
          null,
          1,
          0,
          null,
          null,
          1,
          1,
          1,
          null,
          null,
          1,
          1,
          1,
          1,
          null,
          null,
          1,
          null,
          1,
          3,
          1,
          null,
          2,
          2,
          null,
          null,
          null,
          1,
          3,
          null,
          null,
          null,
          null,
          null,
          null,
          null,
          null,
          1,
          3,
          null,
          3,
          null,
          1,
          null,
          null,
          1,
          0,
          null,
          null
        ]
      },
      "/home/davih/CAMAAR/app/app/components/evaluation_card_component.rb": {
        "lines": [
          1,
          1,
          2,
          2,
          2,
          2,
          2,
          2,
          null,
          null
        ]
      },
      "/home/davih/CAMAAR/app/app/controllers/users_controller.rb": {
        "lines": [
          null,
          1,
          null,
          1,
          null,
          2,
          null,
          null,
          1,
          null,
          2,
          null,
          2,
          null,
          1,
          1,
          1,
          null,
          null,
          1,
          1,
          null,
          null,
          null,
          1,
          null,
          1,
          null,
          null,
          null,
          null,
          2,
          null,
          null
        ]
      },
      "/home/davih/CAMAAR/app/app/controllers/admins_controller.rb": {
        "lines": [
          null,
          null,
          1,
          1,
          1,
          null,
          1,
          null,
          1,
          null,
          1,
          2,
          1,
          1,
          null,
          1,
          null,
          null,
          null,
          1,
          1,
          1,
          null,
          null,
          1,
          2,
          2,
          null,
          2,
          1,
          null,
          null,
          1,
          null,
          1,
          null,
          null,
          1,
          null,
          1,
          2,
          null,
          null,
          1,
          1,
          null,
          null
        ]
      },
      "/home/davih/CAMAAR/app/app/controllers/formularios_controller.rb": {
        "lines": [
          null,
          1,
          1,
          1,
          null,
          1,
          1,
          null,
          null,
          1,
          1,
          null,
          1,
          null,
          0,
          null,
          null,
          1,
          null,
          1,
          3,
          null,
          null
        ]
      },
      "/home/davih/CAMAAR/app/app/controllers/password_resets_controller.rb": {
        "lines": [
          null,
          null,
          1,
          1,
          null,
          1,
          null,
          1,
          2,
          null,
          2,
          1,
          1,
          null,
          1,
          1,
          null,
          null,
          null,
          1,
          null,
          1,
          2,
          1,
          1,
          null,
          1,
          null,
          null,
          null,
          1,
          null,
          1,
          2,
          null,
          null,
          1,
          5,
          null,
          5,
          null,
          5,
          null,
          3,
          null,
          null
        ]
      },
      "/home/davih/CAMAAR/app/app/controllers/passwords_controller.rb": {
        "lines": [
          1,
          1,
          null,
          1,
          null,
          null,
          1,
          2,
          1,
          null,
          1,
          null,
          null,
          null,
          1,
          null,
          1,
          2,
          null,
          null
        ]
      },
      "/home/davih/CAMAAR/app/app/controllers/resultados_controller.rb": {
        "lines": [
          1,
          1,
          1,
          null,
          1,
          null,
          1,
          null,
          null,
          1,
          1,
          null,
          1,
          1,
          1,
          null,
          null,
          null,
          null,
          null
        ]
      }
    },
    "timestamp": 1765805923
  }
}
